<?xml version="1.0" encoding="UTF-8"?>
<!-- Generated by org.testng.reporters.JUnitReportReporter -->
<testsuite hostname="P5-H7W8T72" name="Training.SeleniumAdvanced.NewTest3" tests="1" failures="0" timestamp="16 May 2018 10:26:44 GMT" time="1.725" errors="0">
  <testcase name="register" time="1.725" classname="Training.SeleniumAdvanced.NewTest3"/>
</testsuite> <!-- Training.SeleniumAdvanced.NewTest3 -->
