<?xml version="1.0" encoding="UTF-8"?>
<!-- Generated by org.testng.reporters.JUnitReportReporter -->
<testsuite hostname="P5-H7W8T72" name="Training.SeleniumAdvanced.NewTest2" tests="1" failures="0" timestamp="16 May 2018 07:07:21 GMT" time="0.002" errors="0">
  <testcase name="f" time="0.002" classname="Training.SeleniumAdvanced.NewTest2"/>
</testsuite> <!-- Training.SeleniumAdvanced.NewTest2 -->
