<?xml version="1.0" encoding="UTF-8"?>
<!-- Generated by org.testng.reporters.JUnitReportReporter -->
<testsuite hostname="P5-H7W8T72" name="Training.SeleniumAdvanced.NewTest" tests="3" failures="0" timestamp="16 May 2018 07:51:09 GMT" time="0.010" errors="0">
  <testcase name="f" time="0.002" classname="Training.SeleniumAdvanced.NewTest"/>
  <testcase name="f" time="0.001" classname="Training.SeleniumAdvanced.NewTest"/>
  <testcase name="f" time="0.007" classname="Training.SeleniumAdvanced.NewTest"/>
</testsuite> <!-- Training.SeleniumAdvanced.NewTest -->
