<?xml version="1.0" encoding="UTF-8"?>
<!-- Generated by org.testng.reporters.JUnitReportReporter -->
<testsuite hostname="P5-H7W8T72" name="Training.SeleniumAdvanced.Gmail" tests="1" failures="0" timestamp="16 May 2018 12:20:44 GMT" time="6.737" errors="0">
  <testcase name="register" time="6.737" classname="Training.SeleniumAdvanced.Gmail"/>
</testsuite> <!-- Training.SeleniumAdvanced.Gmail -->
